{"C:\\Users\\Marjo\\Documents\\Code\\private-code-practice\\javascript_30\\js-launchpad\\handleAnimation.js": {"path":"C:\\Users\\Marjo\\Documents\\Code\\private-code-practice\\javascript_30\\js-launchpad\\handleAnimation.js","statementMap":{"0":{"start":{"line":1,"column":24},"end":{"line":6,"column":1}},"1":{"start":{"line":2,"column":4},"end":{"line":2,"column":35}},"2":{"start":{"line":3,"column":4},"end":{"line":5,"column":11}},"3":{"start":{"line":4,"column":8},"end":{"line":4,"column":42}}},"fnMap":{"0":{"name":"(anonymous_0)","decl":{"start":{"line":1,"column":24},"end":{"line":1,"column":25}},"loc":{"start":{"line":1,"column":37},"end":{"line":6,"column":1}},"line":1},"1":{"name":"(anonymous_1)","decl":{"start":{"line":3,"column":15},"end":{"line":3,"column":16}},"loc":{"start":{"line":3,"column":21},"end":{"line":5,"column":5}},"line":3}},"branchMap":{},"s":{"0":1,"1":1,"2":1,"3":1},"f":{"0":1,"1":1},"b":{},"_coverageSchema":"1a1c01bbd47fc00a2c39e90264f33305004495a9","hash":"ec988885aec79bd0d70103e0ef9b1a8dda9fcc92"}
,"C:\\Users\\Marjo\\Documents\\Code\\private-code-practice\\javascript_30\\js-launchpad\\handleKeyPress.js": {"path":"C:\\Users\\Marjo\\Documents\\Code\\private-code-practice\\javascript_30\\js-launchpad\\handleKeyPress.js","statementMap":{"0":{"start":{"line":4,"column":13},"end":{"line":4,"column":45}},"1":{"start":{"line":5,"column":13},"end":{"line":5,"column":45}},"2":{"start":{"line":6,"column":13},"end":{"line":6,"column":45}},"3":{"start":{"line":7,"column":13},"end":{"line":7,"column":45}},"4":{"start":{"line":8,"column":13},"end":{"line":8,"column":45}},"5":{"start":{"line":9,"column":13},"end":{"line":9,"column":45}},"6":{"start":{"line":10,"column":13},"end":{"line":10,"column":45}},"7":{"start":{"line":11,"column":13},"end":{"line":11,"column":45}},"8":{"start":{"line":12,"column":13},"end":{"line":12,"column":45}},"9":{"start":{"line":14,"column":14},"end":{"line":14,"column":46}},"10":{"start":{"line":15,"column":13},"end":{"line":15,"column":44}},"11":{"start":{"line":16,"column":13},"end":{"line":16,"column":44}},"12":{"start":{"line":17,"column":14},"end":{"line":17,"column":46}},"13":{"start":{"line":18,"column":13},"end":{"line":18,"column":44}},"14":{"start":{"line":19,"column":12},"end":{"line":19,"column":42}},"15":{"start":{"line":20,"column":12},"end":{"line":20,"column":42}},"16":{"start":{"line":21,"column":18},"end":{"line":21,"column":54}},"17":{"start":{"line":22,"column":16},"end":{"line":22,"column":50}},"18":{"start":{"line":24,"column":30},"end":{"line":71,"column":1}},"19":{"start":{"line":25,"column":4},"end":{"line":70,"column":5}},"20":{"start":{"line":27,"column":12},"end":{"line":27,"column":33}},"21":{"start":{"line":28,"column":12},"end":{"line":28,"column":28}},"22":{"start":{"line":29,"column":12},"end":{"line":29,"column":18}},"23":{"start":{"line":32,"column":12},"end":{"line":32,"column":33}},"24":{"start":{"line":33,"column":12},"end":{"line":33,"column":27}},"25":{"start":{"line":34,"column":12},"end":{"line":34,"column":18}},"26":{"start":{"line":37,"column":12},"end":{"line":37,"column":33}},"27":{"start":{"line":38,"column":12},"end":{"line":38,"column":27}},"28":{"start":{"line":39,"column":12},"end":{"line":39,"column":18}},"29":{"start":{"line":42,"column":12},"end":{"line":42,"column":33}},"30":{"start":{"line":43,"column":12},"end":{"line":43,"column":28}},"31":{"start":{"line":44,"column":12},"end":{"line":44,"column":18}},"32":{"start":{"line":47,"column":12},"end":{"line":47,"column":33}},"33":{"start":{"line":48,"column":12},"end":{"line":48,"column":27}},"34":{"start":{"line":49,"column":12},"end":{"line":49,"column":18}},"35":{"start":{"line":52,"column":12},"end":{"line":52,"column":33}},"36":{"start":{"line":53,"column":12},"end":{"line":53,"column":26}},"37":{"start":{"line":54,"column":12},"end":{"line":54,"column":18}},"38":{"start":{"line":57,"column":12},"end":{"line":57,"column":33}},"39":{"start":{"line":58,"column":12},"end":{"line":58,"column":26}},"40":{"start":{"line":59,"column":12},"end":{"line":59,"column":18}},"41":{"start":{"line":62,"column":12},"end":{"line":62,"column":33}},"42":{"start":{"line":63,"column":12},"end":{"line":63,"column":32}},"43":{"start":{"line":64,"column":12},"end":{"line":64,"column":18}},"44":{"start":{"line":67,"column":12},"end":{"line":67,"column":33}},"45":{"start":{"line":68,"column":12},"end":{"line":68,"column":30}},"46":{"start":{"line":69,"column":12},"end":{"line":69,"column":18}},"47":{"start":{"line":73,"column":0},"end":{"line":73,"column":52}}},"fnMap":{"0":{"name":"(anonymous_0)","decl":{"start":{"line":24,"column":30},"end":{"line":24,"column":31}},"loc":{"start":{"line":24,"column":41},"end":{"line":71,"column":1}},"line":24}},"branchMap":{"0":{"loc":{"start":{"line":25,"column":4},"end":{"line":70,"column":5}},"type":"switch","locations":[{"start":{"line":26,"column":8},"end":{"line":29,"column":18}},{"start":{"line":31,"column":8},"end":{"line":34,"column":18}},{"start":{"line":36,"column":8},"end":{"line":39,"column":18}},{"start":{"line":41,"column":8},"end":{"line":44,"column":18}},{"start":{"line":46,"column":8},"end":{"line":49,"column":18}},{"start":{"line":51,"column":8},"end":{"line":54,"column":18}},{"start":{"line":56,"column":8},"end":{"line":59,"column":18}},{"start":{"line":61,"column":8},"end":{"line":64,"column":18}},{"start":{"line":66,"column":8},"end":{"line":69,"column":18}}],"line":25}},"s":{"0":1,"1":1,"2":1,"3":1,"4":1,"5":1,"6":1,"7":1,"8":1,"9":1,"10":1,"11":1,"12":1,"13":1,"14":1,"15":1,"16":1,"17":1,"18":1,"19":9,"20":1,"21":1,"22":1,"23":1,"24":1,"25":1,"26":1,"27":1,"28":1,"29":1,"30":1,"31":1,"32":1,"33":1,"34":1,"35":1,"36":1,"37":1,"38":1,"39":1,"40":1,"41":1,"42":1,"43":1,"44":1,"45":1,"46":1,"47":1},"f":{"0":9},"b":{"0":[1,1,1,1,1,1,1,1,1]},"_coverageSchema":"1a1c01bbd47fc00a2c39e90264f33305004495a9","hash":"00f445e486e79784b18e569f102761ce9a60805a"}
}
