{"C:\\Users\\Marjo\\Documents\\Code\\private-code-practice\\javascript_30\\js-launchpad\\handleAnimation.js": {"path":"C:\\Users\\Marjo\\Documents\\Code\\private-code-practice\\javascript_30\\js-launchpad\\handleAnimation.js","statementMap":{"0":{"start":{"line":1,"column":24},"end":{"line":6,"column":1}},"1":{"start":{"line":2,"column":4},"end":{"line":2,"column":35}},"2":{"start":{"line":3,"column":4},"end":{"line":5,"column":11}},"3":{"start":{"line":4,"column":8},"end":{"line":4,"column":42}},"4":{"start":{"line":8,"column":0},"end":{"line":8,"column":33}}},"fnMap":{"0":{"name":"(anonymous_0)","decl":{"start":{"line":1,"column":24},"end":{"line":1,"column":25}},"loc":{"start":{"line":1,"column":37},"end":{"line":6,"column":1}},"line":1},"1":{"name":"(anonymous_1)","decl":{"start":{"line":3,"column":15},"end":{"line":3,"column":16}},"loc":{"start":{"line":3,"column":21},"end":{"line":5,"column":5}},"line":3}},"branchMap":{},"s":{"0":1,"1":1,"2":1,"3":1,"4":1},"f":{"0":1,"1":1},"b":{},"_coverageSchema":"1a1c01bbd47fc00a2c39e90264f33305004495a9","hash":"dff36bb1dd1527eb636f3bdc9bea2886ea74b9fb"}
,"C:\\Users\\Marjo\\Documents\\Code\\private-code-practice\\javascript_30\\js-launchpad\\handleKeyPress.js": {"path":"C:\\Users\\Marjo\\Documents\\Code\\private-code-practice\\javascript_30\\js-launchpad\\handleKeyPress.js","statementMap":{"0":{"start":{"line":1,"column":24},"end":{"line":1,"column":52}},"1":{"start":{"line":2,"column":18},"end":{"line":2,"column":40}},"2":{"start":{"line":4,"column":13},"end":{"line":4,"column":45}},"3":{"start":{"line":5,"column":13},"end":{"line":5,"column":45}},"4":{"start":{"line":6,"column":13},"end":{"line":6,"column":45}},"5":{"start":{"line":7,"column":13},"end":{"line":7,"column":45}},"6":{"start":{"line":8,"column":13},"end":{"line":8,"column":45}},"7":{"start":{"line":9,"column":13},"end":{"line":9,"column":45}},"8":{"start":{"line":10,"column":13},"end":{"line":10,"column":45}},"9":{"start":{"line":11,"column":13},"end":{"line":11,"column":45}},"10":{"start":{"line":12,"column":13},"end":{"line":12,"column":45}},"11":{"start":{"line":14,"column":14},"end":{"line":14,"column":46}},"12":{"start":{"line":15,"column":13},"end":{"line":15,"column":44}},"13":{"start":{"line":16,"column":13},"end":{"line":16,"column":44}},"14":{"start":{"line":17,"column":14},"end":{"line":17,"column":46}},"15":{"start":{"line":18,"column":13},"end":{"line":18,"column":44}},"16":{"start":{"line":19,"column":12},"end":{"line":19,"column":42}},"17":{"start":{"line":20,"column":12},"end":{"line":20,"column":42}},"18":{"start":{"line":21,"column":18},"end":{"line":21,"column":54}},"19":{"start":{"line":22,"column":16},"end":{"line":22,"column":50}},"20":{"start":{"line":24,"column":23},"end":{"line":71,"column":1}},"21":{"start":{"line":25,"column":4},"end":{"line":70,"column":5}},"22":{"start":{"line":27,"column":12},"end":{"line":27,"column":33}},"23":{"start":{"line":28,"column":12},"end":{"line":28,"column":28}},"24":{"start":{"line":29,"column":12},"end":{"line":29,"column":18}},"25":{"start":{"line":32,"column":12},"end":{"line":32,"column":33}},"26":{"start":{"line":33,"column":12},"end":{"line":33,"column":27}},"27":{"start":{"line":34,"column":12},"end":{"line":34,"column":18}},"28":{"start":{"line":37,"column":12},"end":{"line":37,"column":33}},"29":{"start":{"line":38,"column":12},"end":{"line":38,"column":27}},"30":{"start":{"line":39,"column":12},"end":{"line":39,"column":18}},"31":{"start":{"line":42,"column":12},"end":{"line":42,"column":33}},"32":{"start":{"line":43,"column":12},"end":{"line":43,"column":28}},"33":{"start":{"line":44,"column":12},"end":{"line":44,"column":18}},"34":{"start":{"line":47,"column":12},"end":{"line":47,"column":33}},"35":{"start":{"line":48,"column":12},"end":{"line":48,"column":27}},"36":{"start":{"line":49,"column":12},"end":{"line":49,"column":18}},"37":{"start":{"line":52,"column":12},"end":{"line":52,"column":33}},"38":{"start":{"line":53,"column":12},"end":{"line":53,"column":26}},"39":{"start":{"line":54,"column":12},"end":{"line":54,"column":18}},"40":{"start":{"line":57,"column":12},"end":{"line":57,"column":33}},"41":{"start":{"line":58,"column":12},"end":{"line":58,"column":26}},"42":{"start":{"line":59,"column":12},"end":{"line":59,"column":18}},"43":{"start":{"line":62,"column":12},"end":{"line":62,"column":33}},"44":{"start":{"line":63,"column":12},"end":{"line":63,"column":32}},"45":{"start":{"line":64,"column":12},"end":{"line":64,"column":18}},"46":{"start":{"line":67,"column":12},"end":{"line":67,"column":33}},"47":{"start":{"line":68,"column":12},"end":{"line":68,"column":30}},"48":{"start":{"line":69,"column":12},"end":{"line":69,"column":18}},"49":{"start":{"line":73,"column":0},"end":{"line":73,"column":52}},"50":{"start":{"line":75,"column":0},"end":{"line":75,"column":32}}},"fnMap":{"0":{"name":"(anonymous_0)","decl":{"start":{"line":24,"column":23},"end":{"line":24,"column":24}},"loc":{"start":{"line":24,"column":34},"end":{"line":71,"column":1}},"line":24}},"branchMap":{"0":{"loc":{"start":{"line":25,"column":4},"end":{"line":70,"column":5}},"type":"switch","locations":[{"start":{"line":26,"column":8},"end":{"line":29,"column":18}},{"start":{"line":31,"column":8},"end":{"line":34,"column":18}},{"start":{"line":36,"column":8},"end":{"line":39,"column":18}},{"start":{"line":41,"column":8},"end":{"line":44,"column":18}},{"start":{"line":46,"column":8},"end":{"line":49,"column":18}},{"start":{"line":51,"column":8},"end":{"line":54,"column":18}},{"start":{"line":56,"column":8},"end":{"line":59,"column":18}},{"start":{"line":61,"column":8},"end":{"line":64,"column":18}},{"start":{"line":66,"column":8},"end":{"line":69,"column":18}}],"line":25}},"s":{"0":1,"1":1,"2":1,"3":1,"4":1,"5":1,"6":1,"7":1,"8":1,"9":1,"10":1,"11":1,"12":1,"13":1,"14":1,"15":1,"16":1,"17":1,"18":1,"19":1,"20":1,"21":9,"22":1,"23":1,"24":1,"25":1,"26":1,"27":1,"28":1,"29":1,"30":1,"31":1,"32":1,"33":1,"34":1,"35":1,"36":1,"37":1,"38":1,"39":1,"40":1,"41":1,"42":1,"43":1,"44":1,"45":1,"46":1,"47":1,"48":1,"49":1,"50":1},"f":{"0":9},"b":{"0":[1,1,1,1,1,1,1,1,1]},"_coverageSchema":"1a1c01bbd47fc00a2c39e90264f33305004495a9","hash":"07c73a416c9632aac8d4c3350c52d0d92a1bcc9a"}
}
